[0.915s] DEBUG:colcon:Command line arguments: ['/usr/bin/colcon', 'build']
[0.915s] DEBUG:colcon:Parsed command line arguments: Namespace(log_base=None, log_level=None, verb_name='build', build_base='build', install_base='install', merge_install=False, symlink_install=False, test_result_base=None, continue_on_error=False, executor='parallel', parallel_workers=16, event_handlers=None, ignore_user_meta=False, metas=['./colcon.meta'], base_paths=['.'], packages_ignore=None, packages_ignore_regex=None, paths=None, packages_up_to=None, packages_up_to_regex=None, packages_above=None, packages_above_and_dependencies=None, packages_above_depth=None, packages_select_by_dep=None, packages_skip_by_dep=None, packages_skip_up_to=None, packages_select_build_failed=False, packages_skip_build_finished=False, packages_select_test_failures=False, packages_skip_test_passed=False, packages_select=None, packages_skip=None, packages_select_regex=None, packages_skip_regex=None, packages_start=None, packages_end=None, allow_overriding=[], cmake_args=None, cmake_target=None, cmake_target_skip_unavailable=False, cmake_clean_cache=False, cmake_clean_first=False, cmake_force_configure=False, ament_cmake_args=None, catkin_cmake_args=None, catkin_skip_building_tests=False, verb_parser=<colcon_defaults.argument_parser.defaults.DefaultArgumentsDecorator object at 0x7d92eb6fb760>, verb_extension=<colcon_core.verb.build.BuildVerb object at 0x7d92eb8e0d00>, main=<bound method BuildVerb.main of <colcon_core.verb.build.BuildVerb object at 0x7d92eb8e0d00>>)
[1.711s] Level 1:colcon.colcon_core.package_discovery:discover_packages(colcon_meta) check parameters
[1.711s] Level 1:colcon.colcon_core.package_discovery:discover_packages(recursive) check parameters
[1.711s] Level 1:colcon.colcon_core.package_discovery:discover_packages(ignore) check parameters
[1.711s] Level 1:colcon.colcon_core.package_discovery:discover_packages(path) check parameters
[1.711s] Level 1:colcon.colcon_core.package_discovery:discover_packages(colcon_meta) discover
[1.711s] Level 1:colcon.colcon_core.package_discovery:discover_packages(recursive) discover
[1.711s] INFO:colcon.colcon_core.package_discovery:Crawling recursively for packages in '/home/egoist/turtle_ws'
[1.712s] Level 1:colcon.colcon_core.package_identification:_identify(.) by extensions ['ignore', 'ignore_ament_install']
[1.712s] Level 1:colcon.colcon_core.package_identification:_identify(.) by extension 'ignore'
[1.712s] Level 1:colcon.colcon_core.package_identification:_identify(.) by extension 'ignore_ament_install'
[1.712s] Level 1:colcon.colcon_core.package_identification:_identify(.) by extensions ['colcon_pkg']
[1.712s] Level 1:colcon.colcon_core.package_identification:_identify(.) by extension 'colcon_pkg'
[1.712s] Level 1:colcon.colcon_core.package_identification:_identify(.) by extensions ['colcon_meta']
[1.712s] Level 1:colcon.colcon_core.package_identification:_identify(.) by extension 'colcon_meta'
[1.712s] Level 1:colcon.colcon_core.package_identification:_identify(.) by extensions ['ros']
[1.712s] Level 1:colcon.colcon_core.package_identification:_identify(.) by extension 'ros'
[28.711s] Level 1:colcon.colcon_core.package_identification:_identify(.) by extensions ['cmake', 'python']
[28.711s] Level 1:colcon.colcon_core.package_identification:_identify(.) by extension 'cmake'
[28.711s] Level 1:colcon.colcon_core.package_identification:_identify(.) by extension 'python'
[28.711s] Level 1:colcon.colcon_core.package_identification:_identify(.) by extensions ['python_setup_py']
[28.711s] Level 1:colcon.colcon_core.package_identification:_identify(.) by extension 'python_setup_py'
[28.711s] Level 1:colcon.colcon_core.package_identification:_identify(build) by extensions ['ignore', 'ignore_ament_install']
[28.711s] Level 1:colcon.colcon_core.package_identification:_identify(build) by extension 'ignore'
[28.711s] Level 1:colcon.colcon_core.package_identification:_identify(build) ignored
[28.711s] Level 1:colcon.colcon_core.package_identification:_identify(install) by extensions ['ignore', 'ignore_ament_install']
[28.711s] Level 1:colcon.colcon_core.package_identification:_identify(install) by extension 'ignore'
[28.711s] Level 1:colcon.colcon_core.package_identification:_identify(install) ignored
[28.712s] Level 1:colcon.colcon_core.package_identification:_identify(log) by extensions ['ignore', 'ignore_ament_install']
[28.712s] Level 1:colcon.colcon_core.package_identification:_identify(log) by extension 'ignore'
[28.712s] Level 1:colcon.colcon_core.package_identification:_identify(log) ignored
[28.712s] Level 1:colcon.colcon_core.package_identification:_identify(src) by extensions ['ignore', 'ignore_ament_install']
[28.712s] Level 1:colcon.colcon_core.package_identification:_identify(src) by extension 'ignore'
[28.712s] Level 1:colcon.colcon_core.package_identification:_identify(src) by extension 'ignore_ament_install'
[28.712s] Level 1:colcon.colcon_core.package_identification:_identify(src) by extensions ['colcon_pkg']
[28.712s] Level 1:colcon.colcon_core.package_identification:_identify(src) by extension 'colcon_pkg'
[28.712s] Level 1:colcon.colcon_core.package_identification:_identify(src) by extensions ['colcon_meta']
[28.712s] Level 1:colcon.colcon_core.package_identification:_identify(src) by extension 'colcon_meta'
[28.712s] Level 1:colcon.colcon_core.package_identification:_identify(src) by extensions ['ros']
[28.712s] Level 1:colcon.colcon_core.package_identification:_identify(src) by extension 'ros'
[28.712s] Level 1:colcon.colcon_core.package_identification:_identify(src) by extensions ['cmake', 'python']
[28.712s] Level 1:colcon.colcon_core.package_identification:_identify(src) by extension 'cmake'
[28.712s] Level 1:colcon.colcon_core.package_identification:_identify(src) by extension 'python'
[28.712s] Level 1:colcon.colcon_core.package_identification:_identify(src) by extensions ['python_setup_py']
[28.712s] Level 1:colcon.colcon_core.package_identification:_identify(src) by extension 'python_setup_py'
[28.713s] Level 1:colcon.colcon_core.package_identification:_identify(src/build) by extensions ['ignore', 'ignore_ament_install']
[28.713s] Level 1:colcon.colcon_core.package_identification:_identify(src/build) by extension 'ignore'
[28.713s] Level 1:colcon.colcon_core.package_identification:_identify(src/build) ignored
[28.714s] Level 1:colcon.colcon_core.package_identification:_identify(src/install) by extensions ['ignore', 'ignore_ament_install']
[28.714s] Level 1:colcon.colcon_core.package_identification:_identify(src/install) by extension 'ignore'
[28.714s] Level 1:colcon.colcon_core.package_identification:_identify(src/install) ignored
[28.715s] Level 1:colcon.colcon_core.package_identification:_identify(src/log) by extensions ['ignore', 'ignore_ament_install']
[28.715s] Level 1:colcon.colcon_core.package_identification:_identify(src/log) by extension 'ignore'
[28.715s] Level 1:colcon.colcon_core.package_identification:_identify(src/log) ignored
[28.715s] Level 1:colcon.colcon_core.package_identification:_identify(src/turtle_circle) by extensions ['ignore', 'ignore_ament_install']
[28.715s] Level 1:colcon.colcon_core.package_identification:_identify(src/turtle_circle) by extension 'ignore'
[28.715s] Level 1:colcon.colcon_core.package_identification:_identify(src/turtle_circle) by extension 'ignore_ament_install'
[28.715s] Level 1:colcon.colcon_core.package_identification:_identify(src/turtle_circle) by extensions ['colcon_pkg']
[28.716s] Level 1:colcon.colcon_core.package_identification:_identify(src/turtle_circle) by extension 'colcon_pkg'
[28.716s] Level 1:colcon.colcon_core.package_identification:_identify(src/turtle_circle) by extensions ['colcon_meta']
[28.716s] Level 1:colcon.colcon_core.package_identification:_identify(src/turtle_circle) by extension 'colcon_meta'
[28.716s] Level 1:colcon.colcon_core.package_identification:_identify(src/turtle_circle) by extensions ['ros']
[28.716s] Level 1:colcon.colcon_core.package_identification:_identify(src/turtle_circle) by extension 'ros'
[28.722s] DEBUG:colcon.colcon_core.package_identification:Package 'src/turtle_circle' with type 'ros.ament_python' and name 'turtle_circle'
[28.723s] Level 1:colcon.colcon_core.package_discovery:discover_packages(recursive) using defaults
[28.723s] Level 1:colcon.colcon_core.package_discovery:discover_packages(ignore) discover
[28.723s] Level 1:colcon.colcon_core.package_discovery:discover_packages(ignore) using defaults
[28.723s] Level 1:colcon.colcon_core.package_discovery:discover_packages(path) discover
[28.723s] Level 1:colcon.colcon_core.package_discovery:discover_packages(path) using defaults
[28.781s] Level 1:colcon.colcon_core.package_discovery:discover_packages(prefix_path) check parameters
[28.781s] Level 1:colcon.colcon_core.package_discovery:discover_packages(prefix_path) discover
[28.802s] DEBUG:colcon.colcon_installed_package_information.package_discovery:Found 278 installed packages in /opt/ros/humble
[28.804s] Level 1:colcon.colcon_core.package_discovery:discover_packages(prefix_path) using defaults
[28.857s] Level 5:colcon.colcon_core.verb:set package 'turtle_circle' build argument 'cmake_args' from command line to 'None'
[28.857s] Level 5:colcon.colcon_core.verb:set package 'turtle_circle' build argument 'cmake_target' from command line to 'None'
[28.857s] Level 5:colcon.colcon_core.verb:set package 'turtle_circle' build argument 'cmake_target_skip_unavailable' from command line to 'False'
[28.857s] Level 5:colcon.colcon_core.verb:set package 'turtle_circle' build argument 'cmake_clean_cache' from command line to 'False'
[28.857s] Level 5:colcon.colcon_core.verb:set package 'turtle_circle' build argument 'cmake_clean_first' from command line to 'False'
[28.857s] Level 5:colcon.colcon_core.verb:set package 'turtle_circle' build argument 'cmake_force_configure' from command line to 'False'
[28.857s] Level 5:colcon.colcon_core.verb:set package 'turtle_circle' build argument 'ament_cmake_args' from command line to 'None'
[28.857s] Level 5:colcon.colcon_core.verb:set package 'turtle_circle' build argument 'catkin_cmake_args' from command line to 'None'
[28.857s] Level 5:colcon.colcon_core.verb:set package 'turtle_circle' build argument 'catkin_skip_building_tests' from command line to 'False'
[28.857s] DEBUG:colcon.colcon_core.verb:Building package 'turtle_circle' with the following arguments: {'ament_cmake_args': None, 'build_base': '/home/egoist/turtle_ws/build/turtle_circle', 'catkin_cmake_args': None, 'catkin_skip_building_tests': False, 'cmake_args': None, 'cmake_clean_cache': False, 'cmake_clean_first': False, 'cmake_force_configure': False, 'cmake_target': None, 'cmake_target_skip_unavailable': False, 'install_base': '/home/egoist/turtle_ws/install/turtle_circle', 'merge_install': False, 'path': '/home/egoist/turtle_ws/src/turtle_circle', 'symlink_install': False, 'test_result_base': None}
[28.857s] INFO:colcon.colcon_core.executor:Executing jobs using 'parallel' executor
[28.859s] DEBUG:colcon.colcon_parallel_executor.executor.parallel:run_until_complete
[28.859s] INFO:colcon.colcon_ros.task.ament_python.build:Building ROS package in '/home/egoist/turtle_ws/src/turtle_circle' with build type 'ament_python'
[28.859s] Level 1:colcon.colcon_core.shell:create_environment_hook('turtle_circle', 'ament_prefix_path')
[28.866s] INFO:colcon.colcon_core.plugin_system:Skipping extension 'colcon_core.shell.bat': Not used on non-Windows systems
[28.867s] INFO:colcon.colcon_core.shell:Creating environment hook '/home/egoist/turtle_ws/install/turtle_circle/share/turtle_circle/hook/ament_prefix_path.ps1'
[28.870s] INFO:colcon.colcon_core.shell:Creating environment descriptor '/home/egoist/turtle_ws/install/turtle_circle/share/turtle_circle/hook/ament_prefix_path.dsv'
[28.872s] INFO:colcon.colcon_core.shell:Creating environment hook '/home/egoist/turtle_ws/install/turtle_circle/share/turtle_circle/hook/ament_prefix_path.sh'
[28.873s] INFO:colcon.colcon_core.shell:Skip shell extension 'powershell' for command environment: Not usable outside of PowerShell
[28.873s] DEBUG:colcon.colcon_core.shell:Skip shell extension 'dsv' for command environment
[2.274s] INFO:colcon.colcon_core.task.python.build:Building Python package in '/home/egoist/turtle_ws/src/turtle_circle'
[2.275s] INFO:colcon.colcon_core.shell:Skip shell extension 'powershell' for command environment: Not usable outside of PowerShell
[2.275s] DEBUG:colcon.colcon_core.shell:Skip shell extension 'dsv' for command environment
[3.174s] DEBUG:colcon.colcon_core.event_handler.log_command:Invoking command in '/home/egoist/turtle_ws/src/turtle_circle': PYTHONPATH=/home/egoist/turtle_ws/build/turtle_circle/prefix_override:/usr/lib/python3/dist-packages/colcon_core/task/python/colcon_distutils_commands:/home/egoist/turtle_ws/install/turtle_circle/lib/python3.10/site-packages:${PYTHONPATH} /usr/bin/python3 -W ignore:setup.py install is deprecated -W ignore:easy_install command is deprecated setup.py egg_info --egg-base ../../build/turtle_circle build --build-base /home/egoist/turtle_ws/build/turtle_circle/build install --record /home/egoist/turtle_ws/build/turtle_circle/install.log --single-version-externally-managed install_data
[3.586s] DEBUG:colcon.colcon_core.event_handler.log_command:Invoked command in '/home/egoist/turtle_ws/src/turtle_circle' returned '0': PYTHONPATH=/home/egoist/turtle_ws/build/turtle_circle/prefix_override:/usr/lib/python3/dist-packages/colcon_core/task/python/colcon_distutils_commands:/home/egoist/turtle_ws/install/turtle_circle/lib/python3.10/site-packages:${PYTHONPATH} /usr/bin/python3 -W ignore:setup.py install is deprecated -W ignore:easy_install command is deprecated setup.py egg_info --egg-base ../../build/turtle_circle build --build-base /home/egoist/turtle_ws/build/turtle_circle/build install --record /home/egoist/turtle_ws/build/turtle_circle/install.log --single-version-externally-managed install_data
[3.598s] Level 1:colcon.colcon_core.environment:checking '/home/egoist/turtle_ws/install/turtle_circle' for CMake module files
[3.598s] Level 1:colcon.colcon_core.environment:checking '/home/egoist/turtle_ws/install/turtle_circle' for CMake config files
[3.599s] Level 1:colcon.colcon_core.environment:checking '/home/egoist/turtle_ws/install/turtle_circle/lib'
[3.599s] Level 1:colcon.colcon_core.environment:checking '/home/egoist/turtle_ws/install/turtle_circle/bin'
[3.599s] Level 1:colcon.colcon_core.environment:checking '/home/egoist/turtle_ws/install/turtle_circle/lib/pkgconfig/turtle_circle.pc'
[3.600s] Level 1:colcon.colcon_core.environment:checking '/home/egoist/turtle_ws/install/turtle_circle/lib/python3.10/site-packages'
[3.600s] Level 1:colcon.colcon_core.shell:create_environment_hook('turtle_circle', 'pythonpath')
[3.600s] INFO:colcon.colcon_core.shell:Creating environment hook '/home/egoist/turtle_ws/install/turtle_circle/share/turtle_circle/hook/pythonpath.ps1'
[3.601s] INFO:colcon.colcon_core.shell:Creating environment descriptor '/home/egoist/turtle_ws/install/turtle_circle/share/turtle_circle/hook/pythonpath.dsv'
[3.601s] INFO:colcon.colcon_core.shell:Creating environment hook '/home/egoist/turtle_ws/install/turtle_circle/share/turtle_circle/hook/pythonpath.sh'
[3.602s] Level 1:colcon.colcon_core.environment:checking '/home/egoist/turtle_ws/install/turtle_circle/bin'
[3.602s] Level 1:colcon.colcon_core.environment:create_environment_scripts_only(turtle_circle)
[3.602s] INFO:colcon.colcon_core.shell:Creating package script '/home/egoist/turtle_ws/install/turtle_circle/share/turtle_circle/package.ps1'
[3.604s] INFO:colcon.colcon_core.shell:Creating package descriptor '/home/egoist/turtle_ws/install/turtle_circle/share/turtle_circle/package.dsv'
[3.605s] INFO:colcon.colcon_core.shell:Creating package script '/home/egoist/turtle_ws/install/turtle_circle/share/turtle_circle/package.sh'
[3.607s] INFO:colcon.colcon_core.shell:Creating package script '/home/egoist/turtle_ws/install/turtle_circle/share/turtle_circle/package.bash'
[3.608s] INFO:colcon.colcon_core.shell:Creating package script '/home/egoist/turtle_ws/install/turtle_circle/share/turtle_circle/package.zsh'
[3.610s] Level 1:colcon.colcon_core.environment:create_file_with_runtime_dependencies(/home/egoist/turtle_ws/install/turtle_circle/share/colcon-core/packages/turtle_circle)
[3.612s] DEBUG:colcon.colcon_parallel_executor.executor.parallel:closing loop
[3.612s] DEBUG:colcon.colcon_parallel_executor.executor.parallel:loop closed
[3.612s] DEBUG:colcon.colcon_parallel_executor.executor.parallel:run_until_complete finished with '0'
[3.613s] DEBUG:colcon.colcon_core.event_reactor:joining thread
[3.726s] INFO:colcon.colcon_core.plugin_system:Skipping extension 'colcon_notification.desktop_notification.notify_send': Could not find 'notify-send'
[3.726s] INFO:colcon.colcon_core.plugin_system:Skipping extension 'colcon_notification.desktop_notification.terminal_notifier': Not used on non-Darwin systems
[3.727s] INFO:colcon.colcon_core.plugin_system:Skipping extension 'colcon_notification.desktop_notification.win32': Not used on non-Windows systems
[3.727s] INFO:colcon.colcon_notification.desktop_notification:Sending desktop notification using 'notify2'
[3.728s] DEBUG:colcon.colcon_notification.desktop_notification.notify2:Failed to initialize notify2: org.freedesktop.DBus.Error.ServiceUnknown: The name org.freedesktop.Notifications was not provided by any .service files
[3.728s] DEBUG:colcon.colcon_core.event_reactor:joined thread
[3.729s] INFO:colcon.colcon_core.shell:Creating prefix script '/home/egoist/turtle_ws/install/local_setup.ps1'
[3.731s] INFO:colcon.colcon_core.shell:Creating prefix util module '/home/egoist/turtle_ws/install/_local_setup_util_ps1.py'
[3.733s] INFO:colcon.colcon_core.shell:Creating prefix chain script '/home/egoist/turtle_ws/install/setup.ps1'
[3.735s] INFO:colcon.colcon_core.shell:Creating prefix script '/home/egoist/turtle_ws/install/local_setup.sh'
[3.736s] INFO:colcon.colcon_core.shell:Creating prefix util module '/home/egoist/turtle_ws/install/_local_setup_util_sh.py'
[3.737s] INFO:colcon.colcon_core.shell:Creating prefix chain script '/home/egoist/turtle_ws/install/setup.sh'
[3.739s] INFO:colcon.colcon_core.shell:Creating prefix script '/home/egoist/turtle_ws/install/local_setup.bash'
[3.740s] INFO:colcon.colcon_core.shell:Creating prefix chain script '/home/egoist/turtle_ws/install/setup.bash'
[3.742s] INFO:colcon.colcon_core.shell:Creating prefix script '/home/egoist/turtle_ws/install/local_setup.zsh'
[3.743s] INFO:colcon.colcon_core.shell:Creating prefix chain script '/home/egoist/turtle_ws/install/setup.zsh'
