running egg_info
creating ../../build/turtle_circle/turtle_circle.egg-info
writing ../../build/turtle_circle/turtle_circle.egg-info/PKG-INFO
writing dependency_links to ../../build/turtle_circle/turtle_circle.egg-info/dependency_links.txt
writing entry points to ../../build/turtle_circle/turtle_circle.egg-info/entry_points.txt
writing requirements to ../../build/turtle_circle/turtle_circle.egg-info/requires.txt
writing top-level names to ../../build/turtle_circle/turtle_circle.egg-info/top_level.txt
writing manifest file '../../build/turtle_circle/turtle_circle.egg-info/SOURCES.txt'
reading manifest file '../../build/turtle_circle/turtle_circle.egg-info/SOURCES.txt'
writing manifest file '../../build/turtle_circle/turtle_circle.egg-info/SOURCES.txt'
running build
running build_py
creating /home/egoist/turtle_ws/build/turtle_circle/build
creating /home/egoist/turtle_ws/build/turtle_circle/build/lib
creating /home/egoist/turtle_ws/build/turtle_circle/build/lib/turtle_circle
copying turtle_circle/turtle_circle_publisher.py -> /home/egoist/turtle_ws/build/turtle_circle/build/lib/turtle_circle
copying turtle_circle/move_circle_client.py -> /home/egoist/turtle_ws/build/turtle_circle/build/lib/turtle_circle
copying turtle_circle/__init__.py -> /home/egoist/turtle_ws/build/turtle_circle/build/lib/turtle_circle
copying turtle_circle/move_circle_server.py -> /home/egoist/turtle_ws/build/turtle_circle/build/lib/turtle_circle
running install
running install_lib
creating /home/egoist/turtle_ws/install/turtle_circle/lib/python3.10/site-packages/turtle_circle
copying /home/egoist/turtle_ws/build/turtle_circle/build/lib/turtle_circle/turtle_circle_publisher.py -> /home/egoist/turtle_ws/install/turtle_circle/lib/python3.10/site-packages/turtle_circle
copying /home/egoist/turtle_ws/build/turtle_circle/build/lib/turtle_circle/move_circle_client.py -> /home/egoist/turtle_ws/install/turtle_circle/lib/python3.10/site-packages/turtle_circle
copying /home/egoist/turtle_ws/build/turtle_circle/build/lib/turtle_circle/__init__.py -> /home/egoist/turtle_ws/install/turtle_circle/lib/python3.10/site-packages/turtle_circle
copying /home/egoist/turtle_ws/build/turtle_circle/build/lib/turtle_circle/move_circle_server.py -> /home/egoist/turtle_ws/install/turtle_circle/lib/python3.10/site-packages/turtle_circle
byte-compiling /home/egoist/turtle_ws/install/turtle_circle/lib/python3.10/site-packages/turtle_circle/turtle_circle_publisher.py to turtle_circle_publisher.cpython-310.pyc
byte-compiling /home/egoist/turtle_ws/install/turtle_circle/lib/python3.10/site-packages/turtle_circle/move_circle_client.py to move_circle_client.cpython-310.pyc
byte-compiling /home/egoist/turtle_ws/install/turtle_circle/lib/python3.10/site-packages/turtle_circle/__init__.py to __init__.cpython-310.pyc
byte-compiling /home/egoist/turtle_ws/install/turtle_circle/lib/python3.10/site-packages/turtle_circle/move_circle_server.py to move_circle_server.cpython-310.pyc
running install_data
creating /home/egoist/turtle_ws/install/turtle_circle/share/ament_index
creating /home/egoist/turtle_ws/install/turtle_circle/share/ament_index/resource_index
creating /home/egoist/turtle_ws/install/turtle_circle/share/ament_index/resource_index/packages
copying resource/turtle_circle -> /home/egoist/turtle_ws/install/turtle_circle/share/ament_index/resource_index/packages
copying package.xml -> /home/egoist/turtle_ws/install/turtle_circle/share/turtle_circle
running install_egg_info
Copying ../../build/turtle_circle/turtle_circle.egg-info to /home/egoist/turtle_ws/install/turtle_circle/lib/python3.10/site-packages/turtle_circle-0.0.0-py3.10.egg-info
running install_scripts
Installing move_circle_client script to /home/egoist/turtle_ws/install/turtle_circle/lib/turtle_circle
Installing move_server_client script to /home/egoist/turtle_ws/install/turtle_circle/lib/turtle_circle
Installing turtle_circle_publisher script to /home/egoist/turtle_ws/install/turtle_circle/lib/turtle_circle
writing list of installed files to '/home/egoist/turtle_ws/build/turtle_circle/install.log'
