[-26.501s] DEBUG:colcon:Command line arguments: ['/usr/bin/colcon', 'build']
[-26.501s] DEBUG:colcon:Parsed command line arguments: Namespace(log_base=None, log_level=None, verb_name='build', build_base='build', install_base='install', merge_install=False, symlink_install=False, test_result_base=None, continue_on_error=False, executor='parallel', parallel_workers=16, event_handlers=None, ignore_user_meta=False, metas=['./colcon.meta'], base_paths=['.'], packages_ignore=None, packages_ignore_regex=None, paths=None, packages_up_to=None, packages_up_to_regex=None, packages_above=None, packages_above_and_dependencies=None, packages_above_depth=None, packages_select_by_dep=None, packages_skip_by_dep=None, packages_skip_up_to=None, packages_select_build_failed=False, packages_skip_build_finished=False, packages_select_test_failures=False, packages_skip_test_passed=False, packages_select=None, packages_skip=None, packages_select_regex=None, packages_skip_regex=None, packages_start=None, packages_end=None, allow_overriding=[], cmake_args=None, cmake_target=None, cmake_target_skip_unavailable=False, cmake_clean_cache=False, cmake_clean_first=False, cmake_force_configure=False, ament_cmake_args=None, catkin_cmake_args=None, catkin_skip_building_tests=False, verb_parser=<colcon_defaults.argument_parser.defaults.DefaultArgumentsDecorator object at 0x72efcea27d00>, verb_extension=<colcon_core.verb.build.BuildVerb object at 0x72efcebd52a0>, main=<bound method BuildVerb.main of <colcon_core.verb.build.BuildVerb object at 0x72efcebd52a0>>)
[-26.278s] Level 1:colcon.colcon_core.package_discovery:discover_packages(colcon_meta) check parameters
[-26.278s] Level 1:colcon.colcon_core.package_discovery:discover_packages(recursive) check parameters
[-26.278s] Level 1:colcon.colcon_core.package_discovery:discover_packages(ignore) check parameters
[-26.278s] Level 1:colcon.colcon_core.package_discovery:discover_packages(path) check parameters
[-26.278s] Level 1:colcon.colcon_core.package_discovery:discover_packages(colcon_meta) discover
[-26.278s] Level 1:colcon.colcon_core.package_discovery:discover_packages(recursive) discover
[-26.278s] INFO:colcon.colcon_core.package_discovery:Crawling recursively for packages in '/home/egoist/turtle_ws/src'
[-26.278s] Level 1:colcon.colcon_core.package_identification:_identify(.) by extensions ['ignore', 'ignore_ament_install']
[-26.277s] Level 1:colcon.colcon_core.package_identification:_identify(.) by extension 'ignore'
[-26.277s] Level 1:colcon.colcon_core.package_identification:_identify(.) by extension 'ignore_ament_install'
[-26.277s] Level 1:colcon.colcon_core.package_identification:_identify(.) by extensions ['colcon_pkg']
[-26.277s] Level 1:colcon.colcon_core.package_identification:_identify(.) by extension 'colcon_pkg'
[-26.277s] Level 1:colcon.colcon_core.package_identification:_identify(.) by extensions ['colcon_meta']
[-26.277s] Level 1:colcon.colcon_core.package_identification:_identify(.) by extension 'colcon_meta'
[-26.277s] Level 1:colcon.colcon_core.package_identification:_identify(.) by extensions ['ros']
[-26.277s] Level 1:colcon.colcon_core.package_identification:_identify(.) by extension 'ros'
[-26.261s] Level 1:colcon.colcon_core.package_identification:_identify(.) by extensions ['cmake', 'python']
[-26.261s] Level 1:colcon.colcon_core.package_identification:_identify(.) by extension 'cmake'
[-26.261s] Level 1:colcon.colcon_core.package_identification:_identify(.) by extension 'python'
[-26.261s] Level 1:colcon.colcon_core.package_identification:_identify(.) by extensions ['python_setup_py']
[-26.261s] Level 1:colcon.colcon_core.package_identification:_identify(.) by extension 'python_setup_py'
[-26.260s] Level 1:colcon.colcon_core.package_identification:_identify(build) by extensions ['ignore', 'ignore_ament_install']
[-26.260s] Level 1:colcon.colcon_core.package_identification:_identify(build) by extension 'ignore'
[-26.260s] Level 1:colcon.colcon_core.package_identification:_identify(build) ignored
[-26.260s] Level 1:colcon.colcon_core.package_identification:_identify(install) by extensions ['ignore', 'ignore_ament_install']
[-26.260s] Level 1:colcon.colcon_core.package_identification:_identify(install) by extension 'ignore'
[-26.260s] Level 1:colcon.colcon_core.package_identification:_identify(install) ignored
[-26.260s] Level 1:colcon.colcon_core.package_identification:_identify(log) by extensions ['ignore', 'ignore_ament_install']
[-26.259s] Level 1:colcon.colcon_core.package_identification:_identify(log) by extension 'ignore'
[-26.259s] Level 1:colcon.colcon_core.package_identification:_identify(log) ignored
[-26.259s] Level 1:colcon.colcon_core.package_identification:_identify(turtle_circle) by extensions ['ignore', 'ignore_ament_install']
[-26.259s] Level 1:colcon.colcon_core.package_identification:_identify(turtle_circle) by extension 'ignore'
[-26.259s] Level 1:colcon.colcon_core.package_identification:_identify(turtle_circle) by extension 'ignore_ament_install'
[-26.259s] Level 1:colcon.colcon_core.package_identification:_identify(turtle_circle) by extensions ['colcon_pkg']
[-26.259s] Level 1:colcon.colcon_core.package_identification:_identify(turtle_circle) by extension 'colcon_pkg'
[-26.259s] Level 1:colcon.colcon_core.package_identification:_identify(turtle_circle) by extensions ['colcon_meta']
[-26.259s] Level 1:colcon.colcon_core.package_identification:_identify(turtle_circle) by extension 'colcon_meta'
[-26.259s] Level 1:colcon.colcon_core.package_identification:_identify(turtle_circle) by extensions ['ros']
[-26.259s] Level 1:colcon.colcon_core.package_identification:_identify(turtle_circle) by extension 'ros'
[-26.255s] DEBUG:colcon.colcon_core.package_identification:Package 'turtle_circle' with type 'ros.ament_python' and name 'turtle_circle'
[-26.255s] Level 1:colcon.colcon_core.package_discovery:discover_packages(recursive) using defaults
[-26.255s] Level 1:colcon.colcon_core.package_discovery:discover_packages(ignore) discover
[-26.255s] Level 1:colcon.colcon_core.package_discovery:discover_packages(ignore) using defaults
[-26.255s] Level 1:colcon.colcon_core.package_discovery:discover_packages(path) discover
[-26.255s] Level 1:colcon.colcon_core.package_discovery:discover_packages(path) using defaults
[-26.226s] Level 1:colcon.colcon_core.package_discovery:discover_packages(prefix_path) check parameters
[-26.226s] Level 1:colcon.colcon_core.package_discovery:discover_packages(prefix_path) discover
[-26.224s] DEBUG:colcon.colcon_installed_package_information.package_discovery:Found 1 installed packages in /home/egoist/turtle_ws/src/install
[-26.212s] DEBUG:colcon.colcon_installed_package_information.package_discovery:Found 1 installed packages in /home/egoist/turtle_ws/install
[-26.210s] DEBUG:colcon.colcon_installed_package_information.package_discovery:Found 278 installed packages in /opt/ros/humble
[-26.208s] Level 1:colcon.colcon_core.package_discovery:discover_packages(prefix_path) using defaults
[-26.161s] Level 5:colcon.colcon_core.verb:set package 'turtle_circle' build argument 'cmake_args' from command line to 'None'
[-26.161s] Level 5:colcon.colcon_core.verb:set package 'turtle_circle' build argument 'cmake_target' from command line to 'None'
[-26.161s] Level 5:colcon.colcon_core.verb:set package 'turtle_circle' build argument 'cmake_target_skip_unavailable' from command line to 'False'
[-26.161s] Level 5:colcon.colcon_core.verb:set package 'turtle_circle' build argument 'cmake_clean_cache' from command line to 'False'
[-26.161s] Level 5:colcon.colcon_core.verb:set package 'turtle_circle' build argument 'cmake_clean_first' from command line to 'False'
[-26.161s] Level 5:colcon.colcon_core.verb:set package 'turtle_circle' build argument 'cmake_force_configure' from command line to 'False'
[-26.161s] Level 5:colcon.colcon_core.verb:set package 'turtle_circle' build argument 'ament_cmake_args' from command line to 'None'
[-26.161s] Level 5:colcon.colcon_core.verb:set package 'turtle_circle' build argument 'catkin_cmake_args' from command line to 'None'
[-26.161s] Level 5:colcon.colcon_core.verb:set package 'turtle_circle' build argument 'catkin_skip_building_tests' from command line to 'False'
[-26.161s] DEBUG:colcon.colcon_core.verb:Building package 'turtle_circle' with the following arguments: {'ament_cmake_args': None, 'build_base': '/home/egoist/turtle_ws/src/build/turtle_circle', 'catkin_cmake_args': None, 'catkin_skip_building_tests': False, 'cmake_args': None, 'cmake_clean_cache': False, 'cmake_clean_first': False, 'cmake_force_configure': False, 'cmake_target': None, 'cmake_target_skip_unavailable': False, 'install_base': '/home/egoist/turtle_ws/src/install/turtle_circle', 'merge_install': False, 'path': '/home/egoist/turtle_ws/src/turtle_circle', 'symlink_install': False, 'test_result_base': None}
[-26.161s] INFO:colcon.colcon_core.executor:Executing jobs using 'parallel' executor
[-26.159s] DEBUG:colcon.colcon_parallel_executor.executor.parallel:run_until_complete
[-26.159s] INFO:colcon.colcon_ros.task.ament_python.build:Building ROS package in '/home/egoist/turtle_ws/src/turtle_circle' with build type 'ament_python'
[-26.158s] Level 1:colcon.colcon_core.shell:create_environment_hook('turtle_circle', 'ament_prefix_path')
[-26.156s] INFO:colcon.colcon_core.plugin_system:Skipping extension 'colcon_core.shell.bat': Not used on non-Windows systems
[-26.156s] INFO:colcon.colcon_core.shell:Creating environment hook '/home/egoist/turtle_ws/src/install/turtle_circle/share/turtle_circle/hook/ament_prefix_path.ps1'
[-26.155s] INFO:colcon.colcon_core.shell:Creating environment descriptor '/home/egoist/turtle_ws/src/install/turtle_circle/share/turtle_circle/hook/ament_prefix_path.dsv'
[-26.154s] INFO:colcon.colcon_core.shell:Creating environment hook '/home/egoist/turtle_ws/src/install/turtle_circle/share/turtle_circle/hook/ament_prefix_path.sh'
[-26.153s] INFO:colcon.colcon_core.shell:Skip shell extension 'powershell' for command environment: Not usable outside of PowerShell
[-26.153s] DEBUG:colcon.colcon_core.shell:Skip shell extension 'dsv' for command environment
[-25.728s] INFO:colcon.colcon_core.task.python.build:Building Python package in '/home/egoist/turtle_ws/src/turtle_circle'
[-25.727s] INFO:colcon.colcon_core.shell:Skip shell extension 'powershell' for command environment: Not usable outside of PowerShell
[-25.727s] DEBUG:colcon.colcon_core.shell:Skip shell extension 'dsv' for command environment
[-25.245s] DEBUG:colcon.colcon_core.event_handler.log_command:Invoking command in '/home/egoist/turtle_ws/src/turtle_circle': PYTHONPATH=/home/egoist/turtle_ws/src/build/turtle_circle/prefix_override:/usr/lib/python3/dist-packages/colcon_core/task/python/colcon_distutils_commands:/home/egoist/turtle_ws/src/install/turtle_circle/lib/python3.10/site-packages:${PYTHONPATH} /usr/bin/python3 -W ignore:setup.py install is deprecated -W ignore:easy_install command is deprecated setup.py egg_info --egg-base ../build/turtle_circle build --build-base /home/egoist/turtle_ws/src/build/turtle_circle/build install --record /home/egoist/turtle_ws/src/build/turtle_circle/install.log --single-version-externally-managed install_data
[-24.819s] DEBUG:colcon.colcon_core.event_handler.log_command:Invoked command in '/home/egoist/turtle_ws/src/turtle_circle' returned '0': PYTHONPATH=/home/egoist/turtle_ws/src/build/turtle_circle/prefix_override:/usr/lib/python3/dist-packages/colcon_core/task/python/colcon_distutils_commands:/home/egoist/turtle_ws/src/install/turtle_circle/lib/python3.10/site-packages:${PYTHONPATH} /usr/bin/python3 -W ignore:setup.py install is deprecated -W ignore:easy_install command is deprecated setup.py egg_info --egg-base ../build/turtle_circle build --build-base /home/egoist/turtle_ws/src/build/turtle_circle/build install --record /home/egoist/turtle_ws/src/build/turtle_circle/install.log --single-version-externally-managed install_data
[-24.816s] Level 1:colcon.colcon_core.environment:checking '/home/egoist/turtle_ws/src/install/turtle_circle' for CMake module files
[-24.816s] Level 1:colcon.colcon_core.environment:checking '/home/egoist/turtle_ws/src/install/turtle_circle' for CMake config files
[-24.815s] Level 1:colcon.colcon_core.environment:checking '/home/egoist/turtle_ws/src/install/turtle_circle/lib'
[-24.814s] Level 1:colcon.colcon_core.environment:checking '/home/egoist/turtle_ws/src/install/turtle_circle/bin'
[-24.814s] Level 1:colcon.colcon_core.environment:checking '/home/egoist/turtle_ws/src/install/turtle_circle/lib/pkgconfig/turtle_circle.pc'
[-24.814s] Level 1:colcon.colcon_core.environment:checking '/home/egoist/turtle_ws/src/install/turtle_circle/lib/python3.10/site-packages'
[-24.814s] Level 1:colcon.colcon_core.shell:create_environment_hook('turtle_circle', 'pythonpath')
[-24.813s] INFO:colcon.colcon_core.shell:Creating environment hook '/home/egoist/turtle_ws/src/install/turtle_circle/share/turtle_circle/hook/pythonpath.ps1'
[-24.813s] INFO:colcon.colcon_core.shell:Creating environment descriptor '/home/egoist/turtle_ws/src/install/turtle_circle/share/turtle_circle/hook/pythonpath.dsv'
[-24.812s] INFO:colcon.colcon_core.shell:Creating environment hook '/home/egoist/turtle_ws/src/install/turtle_circle/share/turtle_circle/hook/pythonpath.sh'
[-24.811s] Level 1:colcon.colcon_core.environment:checking '/home/egoist/turtle_ws/src/install/turtle_circle/bin'
[-24.811s] Level 1:colcon.colcon_core.environment:create_environment_scripts_only(turtle_circle)
[-24.811s] INFO:colcon.colcon_core.shell:Creating package script '/home/egoist/turtle_ws/src/install/turtle_circle/share/turtle_circle/package.ps1'
[-24.809s] INFO:colcon.colcon_core.shell:Creating package descriptor '/home/egoist/turtle_ws/src/install/turtle_circle/share/turtle_circle/package.dsv'
[-24.809s] INFO:colcon.colcon_core.shell:Creating package script '/home/egoist/turtle_ws/src/install/turtle_circle/share/turtle_circle/package.sh'
[-24.808s] INFO:colcon.colcon_core.shell:Creating package script '/home/egoist/turtle_ws/src/install/turtle_circle/share/turtle_circle/package.bash'
[-24.807s] INFO:colcon.colcon_core.shell:Creating package script '/home/egoist/turtle_ws/src/install/turtle_circle/share/turtle_circle/package.zsh'
[-24.806s] Level 1:colcon.colcon_core.environment:create_file_with_runtime_dependencies(/home/egoist/turtle_ws/src/install/turtle_circle/share/colcon-core/packages/turtle_circle)
[-24.804s] DEBUG:colcon.colcon_parallel_executor.executor.parallel:closing loop
[-24.803s] DEBUG:colcon.colcon_parallel_executor.executor.parallel:loop closed
[-24.803s] DEBUG:colcon.colcon_parallel_executor.executor.parallel:run_until_complete finished with '0'
[-24.802s] DEBUG:colcon.colcon_core.event_reactor:joining thread
[-24.732s] INFO:colcon.colcon_core.plugin_system:Skipping extension 'colcon_notification.desktop_notification.notify_send': Could not find 'notify-send'
[-24.731s] INFO:colcon.colcon_core.plugin_system:Skipping extension 'colcon_notification.desktop_notification.terminal_notifier': Not used on non-Darwin systems
[-24.731s] INFO:colcon.colcon_core.plugin_system:Skipping extension 'colcon_notification.desktop_notification.win32': Not used on non-Windows systems
[-24.731s] INFO:colcon.colcon_notification.desktop_notification:Sending desktop notification using 'notify2'
[-24.729s] DEBUG:colcon.colcon_notification.desktop_notification.notify2:Failed to initialize notify2: org.freedesktop.DBus.Error.ServiceUnknown: The name org.freedesktop.Notifications was not provided by any .service files
[-24.729s] DEBUG:colcon.colcon_core.event_reactor:joined thread
[-24.728s] INFO:colcon.colcon_core.shell:Creating prefix script '/home/egoist/turtle_ws/src/install/local_setup.ps1'
[-24.726s] INFO:colcon.colcon_core.shell:Creating prefix util module '/home/egoist/turtle_ws/src/install/_local_setup_util_ps1.py'
[-24.724s] INFO:colcon.colcon_core.shell:Creating prefix chain script '/home/egoist/turtle_ws/src/install/setup.ps1'
[-24.722s] INFO:colcon.colcon_core.shell:Creating prefix script '/home/egoist/turtle_ws/src/install/local_setup.sh'
[-24.721s] INFO:colcon.colcon_core.shell:Creating prefix util module '/home/egoist/turtle_ws/src/install/_local_setup_util_sh.py'
[-24.720s] INFO:colcon.colcon_core.shell:Creating prefix chain script '/home/egoist/turtle_ws/src/install/setup.sh'
[-24.718s] INFO:colcon.colcon_core.shell:Creating prefix script '/home/egoist/turtle_ws/src/install/local_setup.bash'
[-24.717s] INFO:colcon.colcon_core.shell:Creating prefix chain script '/home/egoist/turtle_ws/src/install/setup.bash'
[-24.716s] INFO:colcon.colcon_core.shell:Creating prefix script '/home/egoist/turtle_ws/src/install/local_setup.zsh'
[-24.715s] INFO:colcon.colcon_core.shell:Creating prefix chain script '/home/egoist/turtle_ws/src/install/setup.zsh'
