[0.742s] Invoking command in '/home/egoist/turtle_ws/src/turtle_circle': PYTHONPATH=/home/egoist/turtle_ws/src/build/turtle_circle/prefix_override:/usr/lib/python3/dist-packages/colcon_core/task/python/colcon_distutils_commands:/home/egoist/turtle_ws/src/install/turtle_circle/lib/python3.10/site-packages:${PYTHONPATH} /usr/bin/python3 -W ignore:setup.py install is deprecated -W ignore:easy_install command is deprecated setup.py egg_info --egg-base ../build/turtle_circle build --build-base /home/egoist/turtle_ws/src/build/turtle_circle/build install --record /home/egoist/turtle_ws/src/build/turtle_circle/install.log --single-version-externally-managed install_data
[0.921s] running egg_info
[0.922s] writing ../build/turtle_circle/turtle_circle.egg-info/PKG-INFO
[0.922s] writing dependency_links to ../build/turtle_circle/turtle_circle.egg-info/dependency_links.txt
[0.922s] writing entry points to ../build/turtle_circle/turtle_circle.egg-info/entry_points.txt
[0.922s] writing requirements to ../build/turtle_circle/turtle_circle.egg-info/requires.txt
[0.922s] writing top-level names to ../build/turtle_circle/turtle_circle.egg-info/top_level.txt
[0.926s] reading manifest file '../build/turtle_circle/turtle_circle.egg-info/SOURCES.txt'
[0.928s] writing manifest file '../build/turtle_circle/turtle_circle.egg-info/SOURCES.txt'
[0.928s] running build
[0.928s] running build_py
[0.929s] copying turtle_circle/turtle_circle_publisher.py -> /home/egoist/turtle_ws/src/build/turtle_circle/build/lib/turtle_circle
[0.930s] running install
[0.930s] running install_lib
[0.932s] copying /home/egoist/turtle_ws/src/build/turtle_circle/build/lib/turtle_circle/turtle_circle_publisher.py -> /home/egoist/turtle_ws/src/install/turtle_circle/lib/python3.10/site-packages/turtle_circle
[0.932s] byte-compiling /home/egoist/turtle_ws/src/install/turtle_circle/lib/python3.10/site-packages/turtle_circle/turtle_circle_publisher.py to turtle_circle_publisher.cpython-310.pyc
[0.934s] running install_data
[0.934s] running install_egg_info
[0.936s] removing '/home/egoist/turtle_ws/src/install/turtle_circle/lib/python3.10/site-packages/turtle_circle-0.0.0-py3.10.egg-info' (and everything under it)
[0.936s] Copying ../build/turtle_circle/turtle_circle.egg-info to /home/egoist/turtle_ws/src/install/turtle_circle/lib/python3.10/site-packages/turtle_circle-0.0.0-py3.10.egg-info
[0.937s] running install_scripts
[0.956s] Installing turtle_circle_publisher script to /home/egoist/turtle_ws/src/install/turtle_circle/lib/turtle_circle
[0.957s] writing list of installed files to '/home/egoist/turtle_ws/src/build/turtle_circle/install.log'
[0.974s] Invoked command in '/home/egoist/turtle_ws/src/turtle_circle' returned '0': PYTHONPATH=/home/egoist/turtle_ws/src/build/turtle_circle/prefix_override:/usr/lib/python3/dist-packages/colcon_core/task/python/colcon_distutils_commands:/home/egoist/turtle_ws/src/install/turtle_circle/lib/python3.10/site-packages:${PYTHONPATH} /usr/bin/python3 -W ignore:setup.py install is deprecated -W ignore:easy_install command is deprecated setup.py egg_info --egg-base ../build/turtle_circle build --build-base /home/egoist/turtle_ws/src/build/turtle_circle/build install --record /home/egoist/turtle_ws/src/build/turtle_circle/install.log --single-version-externally-managed install_data
