[0.475s] Invoking command in '/home/egoist/turtle_ws/src/turtle_circle': PYTHONPATH=/home/egoist/turtle_ws/src/build/turtle_circle/prefix_override:/usr/lib/python3/dist-packages/colcon_core/task/python/colcon_distutils_commands:/home/egoist/turtle_ws/src/install/turtle_circle/lib/python3.10/site-packages:${PYTHONPATH} /usr/bin/python3 -W ignore:setup.py install is deprecated -W ignore:easy_install command is deprecated setup.py egg_info --egg-base ../build/turtle_circle build --build-base /home/egoist/turtle_ws/src/build/turtle_circle/build install --record /home/egoist/turtle_ws/src/build/turtle_circle/install.log --single-version-externally-managed install_data
[0.654s] running egg_info
[0.654s] writing ../build/turtle_circle/turtle_circle.egg-info/PKG-INFO
[0.655s] writing dependency_links to ../build/turtle_circle/turtle_circle.egg-info/dependency_links.txt
[0.655s] writing entry points to ../build/turtle_circle/turtle_circle.egg-info/entry_points.txt
[0.655s] writing requirements to ../build/turtle_circle/turtle_circle.egg-info/requires.txt
[0.655s] writing top-level names to ../build/turtle_circle/turtle_circle.egg-info/top_level.txt
[0.657s] reading manifest file '../build/turtle_circle/turtle_circle.egg-info/SOURCES.txt'
[0.658s] writing manifest file '../build/turtle_circle/turtle_circle.egg-info/SOURCES.txt'
[0.658s] running build
[0.658s] running build_py
[0.658s] copying turtle_circle/turtle_circle_publisher.py -> /home/egoist/turtle_ws/src/build/turtle_circle/build/lib/turtle_circle
[0.658s] running install
[0.659s] running install_lib
[0.659s] copying /home/egoist/turtle_ws/src/build/turtle_circle/build/lib/turtle_circle/turtle_circle_publisher.py -> /home/egoist/turtle_ws/src/install/turtle_circle/lib/python3.10/site-packages/turtle_circle
[0.660s] byte-compiling /home/egoist/turtle_ws/src/install/turtle_circle/lib/python3.10/site-packages/turtle_circle/turtle_circle_publisher.py to turtle_circle_publisher.cpython-310.pyc
[0.660s] running install_data
[0.661s] running install_egg_info
[0.662s] removing '/home/egoist/turtle_ws/src/install/turtle_circle/lib/python3.10/site-packages/turtle_circle-0.0.0-py3.10.egg-info' (and everything under it)
[0.663s] Copying ../build/turtle_circle/turtle_circle.egg-info to /home/egoist/turtle_ws/src/install/turtle_circle/lib/python3.10/site-packages/turtle_circle-0.0.0-py3.10.egg-info
[0.663s] running install_scripts
[0.680s] Installing turtle_circle_publisher script to /home/egoist/turtle_ws/src/install/turtle_circle/lib/turtle_circle
[0.680s] writing list of installed files to '/home/egoist/turtle_ws/src/build/turtle_circle/install.log'
[0.699s] Invoked command in '/home/egoist/turtle_ws/src/turtle_circle' returned '0': PYTHONPATH=/home/egoist/turtle_ws/src/build/turtle_circle/prefix_override:/usr/lib/python3/dist-packages/colcon_core/task/python/colcon_distutils_commands:/home/egoist/turtle_ws/src/install/turtle_circle/lib/python3.10/site-packages:${PYTHONPATH} /usr/bin/python3 -W ignore:setup.py install is deprecated -W ignore:easy_install command is deprecated setup.py egg_info --egg-base ../build/turtle_circle build --build-base /home/egoist/turtle_ws/src/build/turtle_circle/build install --record /home/egoist/turtle_ws/src/build/turtle_circle/install.log --single-version-externally-managed install_data
