running egg_info
writing ../build/turtle_circle/turtle_circle.egg-info/PKG-INFO
writing dependency_links to ../build/turtle_circle/turtle_circle.egg-info/dependency_links.txt
writing entry points to ../build/turtle_circle/turtle_circle.egg-info/entry_points.txt
writing requirements to ../build/turtle_circle/turtle_circle.egg-info/requires.txt
writing top-level names to ../build/turtle_circle/turtle_circle.egg-info/top_level.txt
reading manifest file '../build/turtle_circle/turtle_circle.egg-info/SOURCES.txt'
writing manifest file '../build/turtle_circle/turtle_circle.egg-info/SOURCES.txt'
running build
running build_py
copying turtle_circle/turtle_circle_publisher.py -> /home/egoist/turtle_ws/src/build/turtle_circle/build/lib/turtle_circle
running install
running install_lib
copying /home/egoist/turtle_ws/src/build/turtle_circle/build/lib/turtle_circle/turtle_circle_publisher.py -> /home/egoist/turtle_ws/src/install/turtle_circle/lib/python3.10/site-packages/turtle_circle
byte-compiling /home/egoist/turtle_ws/src/install/turtle_circle/lib/python3.10/site-packages/turtle_circle/turtle_circle_publisher.py to turtle_circle_publisher.cpython-310.pyc
running install_data
running install_egg_info
removing '/home/egoist/turtle_ws/src/install/turtle_circle/lib/python3.10/site-packages/turtle_circle-0.0.0-py3.10.egg-info' (and everything under it)
Copying ../build/turtle_circle/turtle_circle.egg-info to /home/egoist/turtle_ws/src/install/turtle_circle/lib/python3.10/site-packages/turtle_circle-0.0.0-py3.10.egg-info
running install_scripts
Installing move_circle_client script to /home/egoist/turtle_ws/src/install/turtle_circle/lib/turtle_circle
Installing move_circle_server script to /home/egoist/turtle_ws/src/install/turtle_circle/lib/turtle_circle
Installing turtle_circle_publisher script to /home/egoist/turtle_ws/src/install/turtle_circle/lib/turtle_circle
writing list of installed files to '/home/egoist/turtle_ws/src/build/turtle_circle/install.log'
