[0.867s] DEBUG:colcon:Command line arguments: ['/usr/bin/colcon', 'build']
[0.867s] DEBUG:colcon:Parsed command line arguments: Namespace(log_base=None, log_level=None, verb_name='build', build_base='build', install_base='install', merge_install=False, symlink_install=False, test_result_base=None, continue_on_error=False, executor='parallel', parallel_workers=16, event_handlers=None, ignore_user_meta=False, metas=['./colcon.meta'], base_paths=['.'], packages_ignore=None, packages_ignore_regex=None, paths=None, packages_up_to=None, packages_up_to_regex=None, packages_above=None, packages_above_and_dependencies=None, packages_above_depth=None, packages_select_by_dep=None, packages_skip_by_dep=None, packages_skip_up_to=None, packages_select_build_failed=False, packages_skip_build_finished=False, packages_select_test_failures=False, packages_skip_test_passed=False, packages_select=None, packages_skip=None, packages_select_regex=None, packages_skip_regex=None, packages_start=None, packages_end=None, allow_overriding=[], cmake_args=None, cmake_target=None, cmake_target_skip_unavailable=False, cmake_clean_cache=False, cmake_clean_first=False, cmake_force_configure=False, ament_cmake_args=None, catkin_cmake_args=None, catkin_skip_building_tests=False, verb_parser=<colcon_defaults.argument_parser.defaults.DefaultArgumentsDecorator object at 0x764b3c1b3a90>, verb_extension=<colcon_core.verb.build.BuildVerb object at 0x764b3c3dd030>, main=<bound method BuildVerb.main of <colcon_core.verb.build.BuildVerb object at 0x764b3c3dd030>>)
[1.621s] Level 1:colcon.colcon_core.package_discovery:discover_packages(colcon_meta) check parameters
[1.622s] Level 1:colcon.colcon_core.package_discovery:discover_packages(recursive) check parameters
[1.622s] Level 1:colcon.colcon_core.package_discovery:discover_packages(ignore) check parameters
[1.622s] Level 1:colcon.colcon_core.package_discovery:discover_packages(path) check parameters
[1.622s] Level 1:colcon.colcon_core.package_discovery:discover_packages(colcon_meta) discover
[1.622s] Level 1:colcon.colcon_core.package_discovery:discover_packages(recursive) discover
[1.622s] INFO:colcon.colcon_core.package_discovery:Crawling recursively for packages in '/home/egoist/turtle_ws/src'
[1.622s] Level 1:colcon.colcon_core.package_identification:_identify(.) by extensions ['ignore', 'ignore_ament_install']
[1.622s] Level 1:colcon.colcon_core.package_identification:_identify(.) by extension 'ignore'
[1.622s] Level 1:colcon.colcon_core.package_identification:_identify(.) by extension 'ignore_ament_install'
[1.622s] Level 1:colcon.colcon_core.package_identification:_identify(.) by extensions ['colcon_pkg']
[1.623s] Level 1:colcon.colcon_core.package_identification:_identify(.) by extension 'colcon_pkg'
[1.623s] Level 1:colcon.colcon_core.package_identification:_identify(.) by extensions ['colcon_meta']
[1.623s] Level 1:colcon.colcon_core.package_identification:_identify(.) by extension 'colcon_meta'
[1.623s] Level 1:colcon.colcon_core.package_identification:_identify(.) by extensions ['ros']
[1.623s] Level 1:colcon.colcon_core.package_identification:_identify(.) by extension 'ros'
[1.654s] Level 1:colcon.colcon_core.package_identification:_identify(.) by extensions ['cmake', 'python']
[1.654s] Level 1:colcon.colcon_core.package_identification:_identify(.) by extension 'cmake'
[1.654s] Level 1:colcon.colcon_core.package_identification:_identify(.) by extension 'python'
[1.654s] Level 1:colcon.colcon_core.package_identification:_identify(.) by extensions ['python_setup_py']
[1.654s] Level 1:colcon.colcon_core.package_identification:_identify(.) by extension 'python_setup_py'
[1.655s] Level 1:colcon.colcon_core.package_identification:_identify(build) by extensions ['ignore', 'ignore_ament_install']
[1.656s] Level 1:colcon.colcon_core.package_identification:_identify(build) by extension 'ignore'
[1.656s] Level 1:colcon.colcon_core.package_identification:_identify(build) ignored
[1.657s] Level 1:colcon.colcon_core.package_identification:_identify(install) by extensions ['ignore', 'ignore_ament_install']
[1.657s] Level 1:colcon.colcon_core.package_identification:_identify(install) by extension 'ignore'
[1.657s] Level 1:colcon.colcon_core.package_identification:_identify(install) ignored
[1.657s] Level 1:colcon.colcon_core.package_identification:_identify(log) by extensions ['ignore', 'ignore_ament_install']
[1.657s] Level 1:colcon.colcon_core.package_identification:_identify(log) by extension 'ignore'
[1.657s] Level 1:colcon.colcon_core.package_identification:_identify(log) ignored
[1.657s] Level 1:colcon.colcon_core.package_identification:_identify(turtle_circle) by extensions ['ignore', 'ignore_ament_install']
[1.658s] Level 1:colcon.colcon_core.package_identification:_identify(turtle_circle) by extension 'ignore'
[1.658s] Level 1:colcon.colcon_core.package_identification:_identify(turtle_circle) by extension 'ignore_ament_install'
[1.658s] Level 1:colcon.colcon_core.package_identification:_identify(turtle_circle) by extensions ['colcon_pkg']
[1.658s] Level 1:colcon.colcon_core.package_identification:_identify(turtle_circle) by extension 'colcon_pkg'
[1.658s] Level 1:colcon.colcon_core.package_identification:_identify(turtle_circle) by extensions ['colcon_meta']
[1.658s] Level 1:colcon.colcon_core.package_identification:_identify(turtle_circle) by extension 'colcon_meta'
[1.658s] Level 1:colcon.colcon_core.package_identification:_identify(turtle_circle) by extensions ['ros']
[1.658s] Level 1:colcon.colcon_core.package_identification:_identify(turtle_circle) by extension 'ros'
[1.665s] DEBUG:colcon.colcon_core.package_identification:Package 'turtle_circle' with type 'ros.ament_python' and name 'turtle_circle'
[1.665s] Level 1:colcon.colcon_core.package_discovery:discover_packages(recursive) using defaults
[1.666s] Level 1:colcon.colcon_core.package_discovery:discover_packages(ignore) discover
[1.666s] Level 1:colcon.colcon_core.package_discovery:discover_packages(ignore) using defaults
[1.666s] Level 1:colcon.colcon_core.package_discovery:discover_packages(path) discover
[1.666s] Level 1:colcon.colcon_core.package_discovery:discover_packages(path) using defaults
[1.733s] Level 1:colcon.colcon_core.package_discovery:discover_packages(prefix_path) check parameters
[1.733s] Level 1:colcon.colcon_core.package_discovery:discover_packages(prefix_path) discover
[1.755s] DEBUG:colcon.colcon_installed_package_information.package_discovery:Found 1 installed packages in /home/egoist/turtle_ws/src/install
[1.758s] DEBUG:colcon.colcon_installed_package_information.package_discovery:Found 278 installed packages in /opt/ros/humble
[1.761s] Level 1:colcon.colcon_core.package_discovery:discover_packages(prefix_path) using defaults
[1.963s] Level 5:colcon.colcon_core.verb:set package 'turtle_circle' build argument 'cmake_args' from command line to 'None'
[1.963s] Level 5:colcon.colcon_core.verb:set package 'turtle_circle' build argument 'cmake_target' from command line to 'None'
[1.963s] Level 5:colcon.colcon_core.verb:set package 'turtle_circle' build argument 'cmake_target_skip_unavailable' from command line to 'False'
[1.963s] Level 5:colcon.colcon_core.verb:set package 'turtle_circle' build argument 'cmake_clean_cache' from command line to 'False'
[1.964s] Level 5:colcon.colcon_core.verb:set package 'turtle_circle' build argument 'cmake_clean_first' from command line to 'False'
[1.964s] Level 5:colcon.colcon_core.verb:set package 'turtle_circle' build argument 'cmake_force_configure' from command line to 'False'
[1.964s] Level 5:colcon.colcon_core.verb:set package 'turtle_circle' build argument 'ament_cmake_args' from command line to 'None'
[1.964s] Level 5:colcon.colcon_core.verb:set package 'turtle_circle' build argument 'catkin_cmake_args' from command line to 'None'
[1.964s] Level 5:colcon.colcon_core.verb:set package 'turtle_circle' build argument 'catkin_skip_building_tests' from command line to 'False'
[1.964s] DEBUG:colcon.colcon_core.verb:Building package 'turtle_circle' with the following arguments: {'ament_cmake_args': None, 'build_base': '/home/egoist/turtle_ws/src/build/turtle_circle', 'catkin_cmake_args': None, 'catkin_skip_building_tests': False, 'cmake_args': None, 'cmake_clean_cache': False, 'cmake_clean_first': False, 'cmake_force_configure': False, 'cmake_target': None, 'cmake_target_skip_unavailable': False, 'install_base': '/home/egoist/turtle_ws/src/install/turtle_circle', 'merge_install': False, 'path': '/home/egoist/turtle_ws/src/turtle_circle', 'symlink_install': False, 'test_result_base': None}
[1.964s] INFO:colcon.colcon_core.executor:Executing jobs using 'parallel' executor
[1.966s] DEBUG:colcon.colcon_parallel_executor.executor.parallel:run_until_complete
[1.966s] INFO:colcon.colcon_ros.task.ament_python.build:Building ROS package in '/home/egoist/turtle_ws/src/turtle_circle' with build type 'ament_python'
[1.966s] Level 1:colcon.colcon_core.shell:create_environment_hook('turtle_circle', 'ament_prefix_path')
[1.980s] INFO:colcon.colcon_core.plugin_system:Skipping extension 'colcon_core.shell.bat': Not used on non-Windows systems
[1.980s] INFO:colcon.colcon_core.shell:Creating environment hook '/home/egoist/turtle_ws/src/install/turtle_circle/share/turtle_circle/hook/ament_prefix_path.ps1'
[1.983s] INFO:colcon.colcon_core.shell:Creating environment descriptor '/home/egoist/turtle_ws/src/install/turtle_circle/share/turtle_circle/hook/ament_prefix_path.dsv'
[1.985s] INFO:colcon.colcon_core.shell:Creating environment hook '/home/egoist/turtle_ws/src/install/turtle_circle/share/turtle_circle/hook/ament_prefix_path.sh'
[1.988s] INFO:colcon.colcon_core.shell:Skip shell extension 'powershell' for command environment: Not usable outside of PowerShell
[1.988s] DEBUG:colcon.colcon_core.shell:Skip shell extension 'dsv' for command environment
[2.359s] INFO:colcon.colcon_core.task.python.build:Building Python package in '/home/egoist/turtle_ws/src/turtle_circle'
[2.359s] INFO:colcon.colcon_core.shell:Skip shell extension 'powershell' for command environment: Not usable outside of PowerShell
[2.360s] DEBUG:colcon.colcon_core.shell:Skip shell extension 'dsv' for command environment
[3.295s] DEBUG:colcon.colcon_core.event_handler.log_command:Invoking command in '/home/egoist/turtle_ws/src/turtle_circle': PYTHONPATH=/home/egoist/turtle_ws/src/build/turtle_circle/prefix_override:/usr/lib/python3/dist-packages/colcon_core/task/python/colcon_distutils_commands:/home/egoist/turtle_ws/src/install/turtle_circle/lib/python3.10/site-packages:${PYTHONPATH} /usr/bin/python3 -W ignore:setup.py install is deprecated -W ignore:easy_install command is deprecated setup.py egg_info --egg-base ../build/turtle_circle build --build-base /home/egoist/turtle_ws/src/build/turtle_circle/build install --record /home/egoist/turtle_ws/src/build/turtle_circle/install.log --single-version-externally-managed install_data
[3.710s] DEBUG:colcon.colcon_core.event_handler.log_command:Invoked command in '/home/egoist/turtle_ws/src/turtle_circle' returned '0': PYTHONPATH=/home/egoist/turtle_ws/src/build/turtle_circle/prefix_override:/usr/lib/python3/dist-packages/colcon_core/task/python/colcon_distutils_commands:/home/egoist/turtle_ws/src/install/turtle_circle/lib/python3.10/site-packages:${PYTHONPATH} /usr/bin/python3 -W ignore:setup.py install is deprecated -W ignore:easy_install command is deprecated setup.py egg_info --egg-base ../build/turtle_circle build --build-base /home/egoist/turtle_ws/src/build/turtle_circle/build install --record /home/egoist/turtle_ws/src/build/turtle_circle/install.log --single-version-externally-managed install_data
[3.721s] Level 1:colcon.colcon_core.environment:checking '/home/egoist/turtle_ws/src/install/turtle_circle' for CMake module files
[3.722s] Level 1:colcon.colcon_core.environment:checking '/home/egoist/turtle_ws/src/install/turtle_circle' for CMake config files
[3.727s] Level 1:colcon.colcon_core.environment:checking '/home/egoist/turtle_ws/src/install/turtle_circle/lib'
[3.727s] Level 1:colcon.colcon_core.environment:checking '/home/egoist/turtle_ws/src/install/turtle_circle/bin'
[3.727s] Level 1:colcon.colcon_core.environment:checking '/home/egoist/turtle_ws/src/install/turtle_circle/lib/pkgconfig/turtle_circle.pc'
[3.728s] Level 1:colcon.colcon_core.environment:checking '/home/egoist/turtle_ws/src/install/turtle_circle/lib/python3.10/site-packages'
[3.728s] Level 1:colcon.colcon_core.shell:create_environment_hook('turtle_circle', 'pythonpath')
[3.728s] INFO:colcon.colcon_core.shell:Creating environment hook '/home/egoist/turtle_ws/src/install/turtle_circle/share/turtle_circle/hook/pythonpath.ps1'
[3.729s] INFO:colcon.colcon_core.shell:Creating environment descriptor '/home/egoist/turtle_ws/src/install/turtle_circle/share/turtle_circle/hook/pythonpath.dsv'
[3.730s] INFO:colcon.colcon_core.shell:Creating environment hook '/home/egoist/turtle_ws/src/install/turtle_circle/share/turtle_circle/hook/pythonpath.sh'
[3.731s] Level 1:colcon.colcon_core.environment:checking '/home/egoist/turtle_ws/src/install/turtle_circle/bin'
[3.731s] Level 1:colcon.colcon_core.environment:create_environment_scripts_only(turtle_circle)
[3.732s] INFO:colcon.colcon_core.shell:Creating package script '/home/egoist/turtle_ws/src/install/turtle_circle/share/turtle_circle/package.ps1'
[3.734s] INFO:colcon.colcon_core.shell:Creating package descriptor '/home/egoist/turtle_ws/src/install/turtle_circle/share/turtle_circle/package.dsv'
[3.735s] INFO:colcon.colcon_core.shell:Creating package script '/home/egoist/turtle_ws/src/install/turtle_circle/share/turtle_circle/package.sh'
[3.737s] INFO:colcon.colcon_core.shell:Creating package script '/home/egoist/turtle_ws/src/install/turtle_circle/share/turtle_circle/package.bash'
[3.739s] INFO:colcon.colcon_core.shell:Creating package script '/home/egoist/turtle_ws/src/install/turtle_circle/share/turtle_circle/package.zsh'
[3.741s] Level 1:colcon.colcon_core.environment:create_file_with_runtime_dependencies(/home/egoist/turtle_ws/src/install/turtle_circle/share/colcon-core/packages/turtle_circle)
[3.741s] DEBUG:colcon.colcon_parallel_executor.executor.parallel:closing loop
[3.742s] DEBUG:colcon.colcon_parallel_executor.executor.parallel:loop closed
[3.743s] DEBUG:colcon.colcon_parallel_executor.executor.parallel:run_until_complete finished with '0'
[3.743s] DEBUG:colcon.colcon_core.event_reactor:joining thread
[3.870s] INFO:colcon.colcon_core.plugin_system:Skipping extension 'colcon_notification.desktop_notification.notify_send': Could not find 'notify-send'
[3.871s] INFO:colcon.colcon_core.plugin_system:Skipping extension 'colcon_notification.desktop_notification.terminal_notifier': Not used on non-Darwin systems
[3.871s] INFO:colcon.colcon_core.plugin_system:Skipping extension 'colcon_notification.desktop_notification.win32': Not used on non-Windows systems
[3.871s] INFO:colcon.colcon_notification.desktop_notification:Sending desktop notification using 'notify2'
[3.877s] DEBUG:colcon.colcon_notification.desktop_notification.notify2:Failed to initialize notify2: org.freedesktop.DBus.Error.ServiceUnknown: The name org.freedesktop.Notifications was not provided by any .service files
[3.877s] DEBUG:colcon.colcon_core.event_reactor:joined thread
[3.878s] INFO:colcon.colcon_core.shell:Creating prefix script '/home/egoist/turtle_ws/src/install/local_setup.ps1'
[3.880s] INFO:colcon.colcon_core.shell:Creating prefix util module '/home/egoist/turtle_ws/src/install/_local_setup_util_ps1.py'
[3.883s] INFO:colcon.colcon_core.shell:Creating prefix chain script '/home/egoist/turtle_ws/src/install/setup.ps1'
[3.886s] INFO:colcon.colcon_core.shell:Creating prefix script '/home/egoist/turtle_ws/src/install/local_setup.sh'
[3.888s] INFO:colcon.colcon_core.shell:Creating prefix util module '/home/egoist/turtle_ws/src/install/_local_setup_util_sh.py'
[3.889s] INFO:colcon.colcon_core.shell:Creating prefix chain script '/home/egoist/turtle_ws/src/install/setup.sh'
[3.893s] INFO:colcon.colcon_core.shell:Creating prefix script '/home/egoist/turtle_ws/src/install/local_setup.bash'
[3.896s] INFO:colcon.colcon_core.shell:Creating prefix chain script '/home/egoist/turtle_ws/src/install/setup.bash'
[3.899s] INFO:colcon.colcon_core.shell:Creating prefix script '/home/egoist/turtle_ws/src/install/local_setup.zsh'
[3.901s] INFO:colcon.colcon_core.shell:Creating prefix chain script '/home/egoist/turtle_ws/src/install/setup.zsh'
