[0.356s] DEBUG:colcon:Command line arguments: ['/usr/bin/colcon', 'build']
[0.356s] DEBUG:colcon:Parsed command line arguments: Namespace(log_base=None, log_level=None, verb_name='build', build_base='build', install_base='install', merge_install=False, symlink_install=False, test_result_base=None, continue_on_error=False, executor='parallel', parallel_workers=16, event_handlers=None, ignore_user_meta=False, metas=['./colcon.meta'], base_paths=['.'], packages_ignore=None, packages_ignore_regex=None, paths=None, packages_up_to=None, packages_up_to_regex=None, packages_above=None, packages_above_and_dependencies=None, packages_above_depth=None, packages_select_by_dep=None, packages_skip_by_dep=None, packages_skip_up_to=None, packages_select_build_failed=False, packages_skip_build_finished=False, packages_select_test_failures=False, packages_skip_test_passed=False, packages_select=None, packages_skip=None, packages_select_regex=None, packages_skip_regex=None, packages_start=None, packages_end=None, allow_overriding=[], cmake_args=None, cmake_target=None, cmake_target_skip_unavailable=False, cmake_clean_cache=False, cmake_clean_first=False, cmake_force_configure=False, ament_cmake_args=None, catkin_cmake_args=None, catkin_skip_building_tests=False, verb_parser=<colcon_defaults.argument_parser.defaults.DefaultArgumentsDecorator object at 0x7f317c3643a0>, verb_extension=<colcon_core.verb.build.BuildVerb object at 0x7f317c4d9960>, main=<bound method BuildVerb.main of <colcon_core.verb.build.BuildVerb object at 0x7f317c4d9960>>)
[0.830s] Level 1:colcon.colcon_core.package_discovery:discover_packages(colcon_meta) check parameters
[0.831s] Level 1:colcon.colcon_core.package_discovery:discover_packages(recursive) check parameters
[0.831s] Level 1:colcon.colcon_core.package_discovery:discover_packages(ignore) check parameters
[0.831s] Level 1:colcon.colcon_core.package_discovery:discover_packages(path) check parameters
[0.831s] Level 1:colcon.colcon_core.package_discovery:discover_packages(colcon_meta) discover
[0.831s] Level 1:colcon.colcon_core.package_discovery:discover_packages(recursive) discover
[0.831s] INFO:colcon.colcon_core.package_discovery:Crawling recursively for packages in '/home/egoist/turtle_ws/src'
[0.831s] Level 1:colcon.colcon_core.package_identification:_identify(.) by extensions ['ignore', 'ignore_ament_install']
[0.831s] Level 1:colcon.colcon_core.package_identification:_identify(.) by extension 'ignore'
[0.831s] Level 1:colcon.colcon_core.package_identification:_identify(.) by extension 'ignore_ament_install'
[0.832s] Level 1:colcon.colcon_core.package_identification:_identify(.) by extensions ['colcon_pkg']
[0.832s] Level 1:colcon.colcon_core.package_identification:_identify(.) by extension 'colcon_pkg'
[0.832s] Level 1:colcon.colcon_core.package_identification:_identify(.) by extensions ['colcon_meta']
[0.832s] Level 1:colcon.colcon_core.package_identification:_identify(.) by extension 'colcon_meta'
[0.832s] Level 1:colcon.colcon_core.package_identification:_identify(.) by extensions ['ros']
[0.832s] Level 1:colcon.colcon_core.package_identification:_identify(.) by extension 'ros'
[0.850s] Level 1:colcon.colcon_core.package_identification:_identify(.) by extensions ['cmake', 'python']
[0.850s] Level 1:colcon.colcon_core.package_identification:_identify(.) by extension 'cmake'
[0.850s] Level 1:colcon.colcon_core.package_identification:_identify(.) by extension 'python'
[0.850s] Level 1:colcon.colcon_core.package_identification:_identify(.) by extensions ['python_setup_py']
[0.850s] Level 1:colcon.colcon_core.package_identification:_identify(.) by extension 'python_setup_py'
[0.851s] Level 1:colcon.colcon_core.package_identification:_identify(build) by extensions ['ignore', 'ignore_ament_install']
[0.851s] Level 1:colcon.colcon_core.package_identification:_identify(build) by extension 'ignore'
[0.851s] Level 1:colcon.colcon_core.package_identification:_identify(build) ignored
[0.852s] Level 1:colcon.colcon_core.package_identification:_identify(install) by extensions ['ignore', 'ignore_ament_install']
[0.852s] Level 1:colcon.colcon_core.package_identification:_identify(install) by extension 'ignore'
[0.852s] Level 1:colcon.colcon_core.package_identification:_identify(install) ignored
[0.852s] Level 1:colcon.colcon_core.package_identification:_identify(log) by extensions ['ignore', 'ignore_ament_install']
[0.852s] Level 1:colcon.colcon_core.package_identification:_identify(log) by extension 'ignore'
[0.852s] Level 1:colcon.colcon_core.package_identification:_identify(log) ignored
[0.853s] Level 1:colcon.colcon_core.package_identification:_identify(turtle_circle) by extensions ['ignore', 'ignore_ament_install']
[0.853s] Level 1:colcon.colcon_core.package_identification:_identify(turtle_circle) by extension 'ignore'
[0.853s] Level 1:colcon.colcon_core.package_identification:_identify(turtle_circle) by extension 'ignore_ament_install'
[0.853s] Level 1:colcon.colcon_core.package_identification:_identify(turtle_circle) by extensions ['colcon_pkg']
[0.853s] Level 1:colcon.colcon_core.package_identification:_identify(turtle_circle) by extension 'colcon_pkg'
[0.853s] Level 1:colcon.colcon_core.package_identification:_identify(turtle_circle) by extensions ['colcon_meta']
[0.853s] Level 1:colcon.colcon_core.package_identification:_identify(turtle_circle) by extension 'colcon_meta'
[0.853s] Level 1:colcon.colcon_core.package_identification:_identify(turtle_circle) by extensions ['ros']
[0.853s] Level 1:colcon.colcon_core.package_identification:_identify(turtle_circle) by extension 'ros'
[0.857s] DEBUG:colcon.colcon_core.package_identification:Package 'turtle_circle' with type 'ros.ament_python' and name 'turtle_circle'
[0.857s] Level 1:colcon.colcon_core.package_discovery:discover_packages(recursive) using defaults
[0.857s] Level 1:colcon.colcon_core.package_discovery:discover_packages(ignore) discover
[0.858s] Level 1:colcon.colcon_core.package_discovery:discover_packages(ignore) using defaults
[0.858s] Level 1:colcon.colcon_core.package_discovery:discover_packages(path) discover
[0.858s] Level 1:colcon.colcon_core.package_discovery:discover_packages(path) using defaults
[0.911s] Level 1:colcon.colcon_core.package_discovery:discover_packages(prefix_path) check parameters
[0.911s] Level 1:colcon.colcon_core.package_discovery:discover_packages(prefix_path) discover
[0.914s] WARNING:colcon.colcon_core.prefix_path.colcon:The path '/home/egoist/ros2_wc/install' in the environment variable COLCON_PREFIX_PATH doesn't exist
[0.915s] WARNING:colcon.colcon_ros.prefix_path.ament:The path '/home/egoist/ros2_wc/install/my_package' in the environment variable AMENT_PREFIX_PATH doesn't exist
[0.915s] WARNING:colcon.colcon_ros.prefix_path.ament:The path '/home/egoist/ros2_wc/install/turtle_circle' in the environment variable AMENT_PREFIX_PATH doesn't exist
[0.917s] DEBUG:colcon.colcon_installed_package_information.package_discovery:Found 1 installed packages in /home/egoist/turtle_ws/src/install
[0.920s] DEBUG:colcon.colcon_installed_package_information.package_discovery:Found 278 installed packages in /opt/ros/humble
[0.922s] Level 1:colcon.colcon_core.package_discovery:discover_packages(prefix_path) using defaults
[1.029s] Level 5:colcon.colcon_core.verb:set package 'turtle_circle' build argument 'cmake_args' from command line to 'None'
[1.029s] Level 5:colcon.colcon_core.verb:set package 'turtle_circle' build argument 'cmake_target' from command line to 'None'
[1.029s] Level 5:colcon.colcon_core.verb:set package 'turtle_circle' build argument 'cmake_target_skip_unavailable' from command line to 'False'
[1.029s] Level 5:colcon.colcon_core.verb:set package 'turtle_circle' build argument 'cmake_clean_cache' from command line to 'False'
[1.029s] Level 5:colcon.colcon_core.verb:set package 'turtle_circle' build argument 'cmake_clean_first' from command line to 'False'
[1.029s] Level 5:colcon.colcon_core.verb:set package 'turtle_circle' build argument 'cmake_force_configure' from command line to 'False'
[1.029s] Level 5:colcon.colcon_core.verb:set package 'turtle_circle' build argument 'ament_cmake_args' from command line to 'None'
[1.029s] Level 5:colcon.colcon_core.verb:set package 'turtle_circle' build argument 'catkin_cmake_args' from command line to 'None'
[1.030s] Level 5:colcon.colcon_core.verb:set package 'turtle_circle' build argument 'catkin_skip_building_tests' from command line to 'False'
[1.030s] DEBUG:colcon.colcon_core.verb:Building package 'turtle_circle' with the following arguments: {'ament_cmake_args': None, 'build_base': '/home/egoist/turtle_ws/src/build/turtle_circle', 'catkin_cmake_args': None, 'catkin_skip_building_tests': False, 'cmake_args': None, 'cmake_clean_cache': False, 'cmake_clean_first': False, 'cmake_force_configure': False, 'cmake_target': None, 'cmake_target_skip_unavailable': False, 'install_base': '/home/egoist/turtle_ws/src/install/turtle_circle', 'merge_install': False, 'path': '/home/egoist/turtle_ws/src/turtle_circle', 'symlink_install': False, 'test_result_base': None}
[1.030s] INFO:colcon.colcon_core.executor:Executing jobs using 'parallel' executor
[1.031s] DEBUG:colcon.colcon_parallel_executor.executor.parallel:run_until_complete
[1.031s] INFO:colcon.colcon_ros.task.ament_python.build:Building ROS package in '/home/egoist/turtle_ws/src/turtle_circle' with build type 'ament_python'
[1.032s] Level 1:colcon.colcon_core.shell:create_environment_hook('turtle_circle', 'ament_prefix_path')
[1.039s] INFO:colcon.colcon_core.plugin_system:Skipping extension 'colcon_core.shell.bat': Not used on non-Windows systems
[1.039s] INFO:colcon.colcon_core.shell:Creating environment hook '/home/egoist/turtle_ws/src/install/turtle_circle/share/turtle_circle/hook/ament_prefix_path.ps1'
[1.040s] INFO:colcon.colcon_core.shell:Creating environment descriptor '/home/egoist/turtle_ws/src/install/turtle_circle/share/turtle_circle/hook/ament_prefix_path.dsv'
[1.041s] INFO:colcon.colcon_core.shell:Creating environment hook '/home/egoist/turtle_ws/src/install/turtle_circle/share/turtle_circle/hook/ament_prefix_path.sh'
[1.043s] INFO:colcon.colcon_core.shell:Skip shell extension 'powershell' for command environment: Not usable outside of PowerShell
[1.043s] DEBUG:colcon.colcon_core.shell:Skip shell extension 'dsv' for command environment
[1.260s] INFO:colcon.colcon_core.task.python.build:Building Python package in '/home/egoist/turtle_ws/src/turtle_circle'
[1.260s] INFO:colcon.colcon_core.shell:Skip shell extension 'powershell' for command environment: Not usable outside of PowerShell
[1.260s] DEBUG:colcon.colcon_core.shell:Skip shell extension 'dsv' for command environment
[1.838s] DEBUG:colcon.colcon_core.event_handler.log_command:Invoking command in '/home/egoist/turtle_ws/src/turtle_circle': PYTHONPATH=/home/egoist/turtle_ws/src/build/turtle_circle/prefix_override:/usr/lib/python3/dist-packages/colcon_core/task/python/colcon_distutils_commands:/home/egoist/turtle_ws/src/install/turtle_circle/lib/python3.10/site-packages:${PYTHONPATH} /usr/bin/python3 -W ignore:setup.py install is deprecated -W ignore:easy_install command is deprecated setup.py egg_info --egg-base ../build/turtle_circle build --build-base /home/egoist/turtle_ws/src/build/turtle_circle/build install --record /home/egoist/turtle_ws/src/build/turtle_circle/install.log --single-version-externally-managed install_data
[2.075s] DEBUG:colcon.colcon_core.event_handler.log_command:Invoked command in '/home/egoist/turtle_ws/src/turtle_circle' returned '0': PYTHONPATH=/home/egoist/turtle_ws/src/build/turtle_circle/prefix_override:/usr/lib/python3/dist-packages/colcon_core/task/python/colcon_distutils_commands:/home/egoist/turtle_ws/src/install/turtle_circle/lib/python3.10/site-packages:${PYTHONPATH} /usr/bin/python3 -W ignore:setup.py install is deprecated -W ignore:easy_install command is deprecated setup.py egg_info --egg-base ../build/turtle_circle build --build-base /home/egoist/turtle_ws/src/build/turtle_circle/build install --record /home/egoist/turtle_ws/src/build/turtle_circle/install.log --single-version-externally-managed install_data
[2.083s] Level 1:colcon.colcon_core.environment:checking '/home/egoist/turtle_ws/src/install/turtle_circle' for CMake module files
[2.084s] Level 1:colcon.colcon_core.environment:checking '/home/egoist/turtle_ws/src/install/turtle_circle' for CMake config files
[2.087s] Level 1:colcon.colcon_core.environment:checking '/home/egoist/turtle_ws/src/install/turtle_circle/lib'
[2.087s] Level 1:colcon.colcon_core.environment:checking '/home/egoist/turtle_ws/src/install/turtle_circle/bin'
[2.087s] Level 1:colcon.colcon_core.environment:checking '/home/egoist/turtle_ws/src/install/turtle_circle/lib/pkgconfig/turtle_circle.pc'
[2.088s] Level 1:colcon.colcon_core.environment:checking '/home/egoist/turtle_ws/src/install/turtle_circle/lib/python3.10/site-packages'
[2.088s] Level 1:colcon.colcon_core.shell:create_environment_hook('turtle_circle', 'pythonpath')
[2.088s] INFO:colcon.colcon_core.shell:Creating environment hook '/home/egoist/turtle_ws/src/install/turtle_circle/share/turtle_circle/hook/pythonpath.ps1'
[2.088s] INFO:colcon.colcon_core.shell:Creating environment descriptor '/home/egoist/turtle_ws/src/install/turtle_circle/share/turtle_circle/hook/pythonpath.dsv'
[2.089s] INFO:colcon.colcon_core.shell:Creating environment hook '/home/egoist/turtle_ws/src/install/turtle_circle/share/turtle_circle/hook/pythonpath.sh'
[2.089s] Level 1:colcon.colcon_core.environment:checking '/home/egoist/turtle_ws/src/install/turtle_circle/bin'
[2.089s] Level 1:colcon.colcon_core.environment:create_environment_scripts_only(turtle_circle)
[2.090s] INFO:colcon.colcon_core.shell:Creating package script '/home/egoist/turtle_ws/src/install/turtle_circle/share/turtle_circle/package.ps1'
[2.091s] INFO:colcon.colcon_core.shell:Creating package descriptor '/home/egoist/turtle_ws/src/install/turtle_circle/share/turtle_circle/package.dsv'
[2.092s] INFO:colcon.colcon_core.shell:Creating package script '/home/egoist/turtle_ws/src/install/turtle_circle/share/turtle_circle/package.sh'
[2.093s] INFO:colcon.colcon_core.shell:Creating package script '/home/egoist/turtle_ws/src/install/turtle_circle/share/turtle_circle/package.bash'
[2.094s] INFO:colcon.colcon_core.shell:Creating package script '/home/egoist/turtle_ws/src/install/turtle_circle/share/turtle_circle/package.zsh'
[2.096s] Level 1:colcon.colcon_core.environment:create_file_with_runtime_dependencies(/home/egoist/turtle_ws/src/install/turtle_circle/share/colcon-core/packages/turtle_circle)
[2.096s] DEBUG:colcon.colcon_parallel_executor.executor.parallel:closing loop
[2.097s] DEBUG:colcon.colcon_parallel_executor.executor.parallel:loop closed
[2.097s] DEBUG:colcon.colcon_parallel_executor.executor.parallel:run_until_complete finished with '0'
[2.097s] DEBUG:colcon.colcon_core.event_reactor:joining thread
[2.136s] INFO:colcon.colcon_core.plugin_system:Skipping extension 'colcon_notification.desktop_notification.notify_send': Could not find 'notify-send'
[2.137s] INFO:colcon.colcon_core.plugin_system:Skipping extension 'colcon_notification.desktop_notification.terminal_notifier': Not used on non-Darwin systems
[2.137s] INFO:colcon.colcon_core.plugin_system:Skipping extension 'colcon_notification.desktop_notification.win32': Not used on non-Windows systems
[2.137s] INFO:colcon.colcon_notification.desktop_notification:Sending desktop notification using 'notify2'
[2.139s] DEBUG:colcon.colcon_notification.desktop_notification.notify2:Failed to initialize notify2: org.freedesktop.DBus.Error.ServiceUnknown: The name org.freedesktop.Notifications was not provided by any .service files
[2.139s] DEBUG:colcon.colcon_core.event_reactor:joined thread
[2.140s] INFO:colcon.colcon_core.shell:Creating prefix script '/home/egoist/turtle_ws/src/install/local_setup.ps1'
[2.141s] INFO:colcon.colcon_core.shell:Creating prefix util module '/home/egoist/turtle_ws/src/install/_local_setup_util_ps1.py'
[2.143s] INFO:colcon.colcon_core.shell:Creating prefix chain script '/home/egoist/turtle_ws/src/install/setup.ps1'
[2.144s] INFO:colcon.colcon_core.shell:Creating prefix script '/home/egoist/turtle_ws/src/install/local_setup.sh'
[2.145s] INFO:colcon.colcon_core.shell:Creating prefix util module '/home/egoist/turtle_ws/src/install/_local_setup_util_sh.py'
[2.146s] INFO:colcon.colcon_core.shell:Creating prefix chain script '/home/egoist/turtle_ws/src/install/setup.sh'
[2.147s] INFO:colcon.colcon_core.shell:Creating prefix script '/home/egoist/turtle_ws/src/install/local_setup.bash'
[2.148s] INFO:colcon.colcon_core.shell:Creating prefix chain script '/home/egoist/turtle_ws/src/install/setup.bash'
[2.150s] INFO:colcon.colcon_core.shell:Creating prefix script '/home/egoist/turtle_ws/src/install/local_setup.zsh'
[2.151s] INFO:colcon.colcon_core.shell:Creating prefix chain script '/home/egoist/turtle_ws/src/install/setup.zsh'
