/home/egoist/turtle_ws/src/install/turtle_circle/lib/python3.10/site-packages/turtle_circle/turtle_circle_publisher.py
/home/egoist/turtle_ws/src/install/turtle_circle/lib/python3.10/site-packages/turtle_circle/move_circle_client.py
/home/egoist/turtle_ws/src/install/turtle_circle/lib/python3.10/site-packages/turtle_circle/__init__.py
/home/egoist/turtle_ws/src/install/turtle_circle/lib/python3.10/site-packages/turtle_circle/move_circle_server.py
/home/egoist/turtle_ws/src/install/turtle_circle/lib/python3.10/site-packages/turtle_circle/__pycache__/turtle_circle_publisher.cpython-310.pyc
/home/egoist/turtle_ws/src/install/turtle_circle/lib/python3.10/site-packages/turtle_circle/__pycache__/move_circle_client.cpython-310.pyc
/home/egoist/turtle_ws/src/install/turtle_circle/lib/python3.10/site-packages/turtle_circle/__pycache__/__init__.cpython-310.pyc
/home/egoist/turtle_ws/src/install/turtle_circle/lib/python3.10/site-packages/turtle_circle/__pycache__/move_circle_server.cpython-310.pyc
/home/egoist/turtle_ws/src/install/turtle_circle/share/ament_index/resource_index/packages/turtle_circle
/home/egoist/turtle_ws/src/install/turtle_circle/share/turtle_circle/package.xml
/home/egoist/turtle_ws/src/install/turtle_circle/lib/python3.10/site-packages/turtle_circle-0.0.0-py3.10.egg-info/PKG-INFO
/home/egoist/turtle_ws/src/install/turtle_circle/lib/python3.10/site-packages/turtle_circle-0.0.0-py3.10.egg-info/entry_points.txt
/home/egoist/turtle_ws/src/install/turtle_circle/lib/python3.10/site-packages/turtle_circle-0.0.0-py3.10.egg-info/dependency_links.txt
/home/egoist/turtle_ws/src/install/turtle_circle/lib/python3.10/site-packages/turtle_circle-0.0.0-py3.10.egg-info/requires.txt
/home/egoist/turtle_ws/src/install/turtle_circle/lib/python3.10/site-packages/turtle_circle-0.0.0-py3.10.egg-info/zip-safe
/home/egoist/turtle_ws/src/install/turtle_circle/lib/python3.10/site-packages/turtle_circle-0.0.0-py3.10.egg-info/SOURCES.txt
/home/egoist/turtle_ws/src/install/turtle_circle/lib/python3.10/site-packages/turtle_circle-0.0.0-py3.10.egg-info/top_level.txt
/home/egoist/turtle_ws/src/install/turtle_circle/lib/turtle_circle/move_circle_client
/home/egoist/turtle_ws/src/install/turtle_circle/lib/turtle_circle/move_circle_server
/home/egoist/turtle_ws/src/install/turtle_circle/lib/turtle_circle/turtle_circle_publisher
